<?xml version="1.0" encoding="UTF-8"?>
<testsuite xmlns:xsi="http://www.w3.org/2001/XMLSchema-instance" xsi:noNamespaceSchemaLocation="https://maven.apache.org/surefire/maven-surefire-plugin/xsd/surefire-test-report-3.0.xsd" version="3.0" name="com.youtopin.vaadin.samples.infrastructure.menu.JsonNavigationMenuServiceTest" time="0.291" tests="5" errors="0" skipped="0" failures="0">
  <properties>
    <property name="java.specification.version" value="17"/>
    <property name="sun.jnu.encoding" value="UTF-8"/>
    <property name="java.class.path" value="/opt/projects/codex/ytp-admin/samples/target/test-classes:/opt/projects/codex/ytp-admin/samples/target/classes:/opt/projects/codex/ytp-admin/components/target/vaadin-components-0.0.1-SNAPSHOT.jar:/home/sepehr/.m2/repository/com/vaadin/vaadin-core/24.2.6/vaadin-core-24.2.6.jar:/home/sepehr/.m2/repository/com/vaadin/vaadin-core-internal/24.2.6/vaadin-core-internal-24.2.6.jar:/home/sepehr/.m2/repository/com/vaadin/flow-lit-template/24.2.5/flow-lit-template-24.2.5.jar:/home/sepehr/.m2/repository/com/vaadin/flow-html-components/24.2.5/flow-html-components-24.2.5.jar:/home/sepehr/.m2/repository/com/vaadin/flow-data/24.2.5/flow-data-24.2.5.jar:/home/sepehr/.m2/repository/com/vaadin/flow-dnd/24.2.5/flow-dnd-24.2.5.jar:/home/sepehr/.m2/repository/com/vaadin/vaadin-lumo-theme/24.2.6/vaadin-lumo-theme-24.2.6.jar:/home/sepehr/.m2/repository/com/vaadin/vaadin-material-theme/24.2.6/vaadin-material-theme-24.2.6.jar:/home/sepehr/.m2/repository/com/vaadin/vaadin-accordion-flow/24.2.6/vaadin-accordion-flow-24.2.6.jar:/home/sepehr/.m2/repository/com/vaadin/vaadin-avatar-flow/24.2.6/vaadin-avatar-flow-24.2.6.jar:/home/sepehr/.m2/repository/com/vaadin/vaadin-flow-components-base/24.2.6/vaadin-flow-components-base-24.2.6.jar:/home/sepehr/.m2/repository/com/vaadin/vaadin-button-flow/24.2.6/vaadin-button-flow-24.2.6.jar:/home/sepehr/.m2/repository/com/vaadin/vaadin-checkbox-flow/24.2.6/vaadin-checkbox-flow-24.2.6.jar:/home/sepehr/.m2/repository/com/vaadin/vaadin-combo-box-flow/24.2.6/vaadin-combo-box-flow-24.2.6.jar:/home/sepehr/.m2/repository/com/vaadin/vaadin-confirm-dialog-flow/24.2.6/vaadin-confirm-dialog-flow-24.2.6.jar:/home/sepehr/.m2/repository/com/vaadin/vaadin-custom-field-flow/24.2.6/vaadin-custom-field-flow-24.2.6.jar:/home/sepehr/.m2/repository/com/vaadin/vaadin-date-picker-flow/24.2.6/vaadin-date-picker-flow-24.2.6.jar:/home/sepehr/.m2/repository/com/vaadin/vaadin-date-time-picker-flow/24.2.6/vaadin-date-time-picker-flow-24.2.6.jar:/home/sepehr/.m2/repository/com/vaadin/vaadin-details-flow/24.2.6/vaadin-details-flow-24.2.6.jar:/home/sepehr/.m2/repository/com/vaadin/vaadin-time-picker-flow/24.2.6/vaadin-time-picker-flow-24.2.6.jar:/home/sepehr/.m2/repository/com/vaadin/vaadin-select-flow/24.2.6/vaadin-select-flow-24.2.6.jar:/home/sepehr/.m2/repository/com/vaadin/vaadin-side-nav-flow/24.2.6/vaadin-side-nav-flow-24.2.6.jar:/home/sepehr/.m2/repository/com/vaadin/vaadin-dialog-flow/24.2.6/vaadin-dialog-flow-24.2.6.jar:/home/sepehr/.m2/repository/com/vaadin/vaadin-form-layout-flow/24.2.6/vaadin-form-layout-flow-24.2.6.jar:/home/sepehr/.m2/repository/com/vaadin/vaadin-field-highlighter-flow/24.2.6/vaadin-field-highlighter-flow-24.2.6.jar:/home/sepehr/.m2/repository/com/vaadin/vaadin-grid-flow/24.2.6/vaadin-grid-flow-24.2.6.jar:/home/sepehr/.m2/repository/org/apache/commons/commons-lang3/3.13.0/commons-lang3-3.13.0.jar:/home/sepehr/.m2/repository/com/vaadin/vaadin-icons-flow/24.2.6/vaadin-icons-flow-24.2.6.jar:/home/sepehr/.m2/repository/com/vaadin/vaadin-virtual-list-flow/24.2.6/vaadin-virtual-list-flow-24.2.6.jar:/home/sepehr/.m2/repository/com/vaadin/vaadin-list-box-flow/24.2.6/vaadin-list-box-flow-24.2.6.jar:/home/sepehr/.m2/repository/com/vaadin/vaadin-login-flow/24.2.6/vaadin-login-flow-24.2.6.jar:/home/sepehr/.m2/repository/com/vaadin/vaadin-messages-flow/24.2.6/vaadin-messages-flow-24.2.6.jar:/home/sepehr/.m2/repository/com/vaadin/vaadin-ordered-layout-flow/24.2.6/vaadin-ordered-layout-flow-24.2.6.jar:/home/sepehr/.m2/repository/com/vaadin/vaadin-progress-bar-flow/24.2.6/vaadin-progress-bar-flow-24.2.6.jar:/home/sepehr/.m2/repository/com/vaadin/vaadin-radio-button-flow/24.2.6/vaadin-radio-button-flow-24.2.6.jar:/home/sepehr/.m2/repository/com/vaadin/vaadin-renderer-flow/24.2.6/vaadin-renderer-flow-24.2.6.jar:/home/sepehr/.m2/repository/com/vaadin/vaadin-split-layout-flow/24.2.6/vaadin-split-layout-flow-24.2.6.jar:/home/sepehr/.m2/repository/com/vaadin/vaadin-tabs-flow/24.2.6/vaadin-tabs-flow-24.2.6.jar:/home/sepehr/.m2/repository/com/vaadin/vaadin-text-field-flow/24.2.6/vaadin-text-field-flow-24.2.6.jar:/home/sepehr/.m2/repository/com/vaadin/vaadin-upload-flow/24.2.6/vaadin-upload-flow-24.2.6.jar:/home/sepehr/.m2/repository/com/vaadin/vaadin-notification-flow/24.2.6/vaadin-notification-flow-24.2.6.jar:/home/sepehr/.m2/repository/com/vaadin/vaadin-app-layout-flow/24.2.6/vaadin-app-layout-flow-24.2.6.jar:/home/sepehr/.m2/repository/com/vaadin/vaadin-context-menu-flow/24.2.6/vaadin-context-menu-flow-24.2.6.jar:/home/sepehr/.m2/repository/com/vaadin/vaadin-menu-bar-flow/24.2.6/vaadin-menu-bar-flow-24.2.6.jar:/home/sepehr/.m2/repository/com/vaadin/vaadin-dev/24.2.6/vaadin-dev-24.2.6.jar:/home/sepehr/.m2/repository/com/vaadin/vaadin-dev-server/24.2.5/vaadin-dev-server-24.2.5.jar:/home/sepehr/.m2/repository/com/vaadin/license-checker/1.12.3/license-checker-1.12.3.jar:/home/sepehr/.m2/repository/com/github/oshi/oshi-core/6.4.1/oshi-core-6.4.1.jar:/home/sepehr/.m2/repository/net/java/dev/jna/jna/5.13.0/jna-5.13.0.jar:/home/sepehr/.m2/repository/net/java/dev/jna/jna-platform/5.13.0/jna-platform-5.13.0.jar:/home/sepehr/.m2/repository/com/nimbusds/nimbus-jose-jwt/9.31/nimbus-jose-jwt-9.31.jar:/home/sepehr/.m2/repository/org/lucee/jcip-annotations/1.0.0/jcip-annotations-1.0.0.jar:/home/sepehr/.m2/repository/com/vaadin/open/8.5.0/open-8.5.0.jar:/home/sepehr/.m2/repository/com/github/javaparser/javaparser-core/3.25.5/javaparser-core-3.25.5.jar:/home/sepehr/.m2/repository/io/methvin/directory-watcher/0.18.0/directory-watcher-0.18.0.jar:/home/sepehr/.m2/repository/com/vaadin/vaadin-dev-bundle/24.2.6/vaadin-dev-bundle-24.2.6.jar:/home/sepehr/.m2/repository/com/fasterxml/jackson/core/jackson-databind/2.15.4/jackson-databind-2.15.4.jar:/home/sepehr/.m2/repository/com/fasterxml/jackson/core/jackson-annotations/2.15.4/jackson-annotations-2.15.4.jar:/home/sepehr/.m2/repository/com/fasterxml/jackson/core/jackson-core/2.15.4/jackson-core-2.15.4.jar:/home/sepehr/.m2/repository/com/fasterxml/jackson/dataformat/jackson-dataformat-yaml/2.15.4/jackson-dataformat-yaml-2.15.4.jar:/home/sepehr/.m2/repository/org/yaml/snakeyaml/2.2/snakeyaml-2.2.jar:/home/sepehr/.m2/repository/org/springframework/spring-context/6.1.6/spring-context-6.1.6.jar:/home/sepehr/.m2/repository/org/springframework/spring-aop/6.1.6/spring-aop-6.1.6.jar:/home/sepehr/.m2/repository/org/springframework/spring-beans/6.1.6/spring-beans-6.1.6.jar:/home/sepehr/.m2/repository/org/springframework/spring-expression/6.1.6/spring-expression-6.1.6.jar:/home/sepehr/.m2/repository/io/micrometer/micrometer-observation/1.12.5/micrometer-observation-1.12.5.jar:/home/sepehr/.m2/repository/io/micrometer/micrometer-commons/1.12.5/micrometer-commons-1.12.5.jar:/home/sepehr/.m2/repository/com/vaadin/vaadin-spring-boot-starter/24.2.6/vaadin-spring-boot-starter-24.2.6.jar:/home/sepehr/.m2/repository/com/vaadin/vaadin-spring/24.2.5/vaadin-spring-24.2.5.jar:/home/sepehr/.m2/repository/com/vaadin/flow-server/24.2.5/flow-server-24.2.5.jar:/home/sepehr/.m2/repository/com/vaadin/servletdetector/throw-if-servlet3/1.0.2/throw-if-servlet3-1.0.2.jar:/home/sepehr/.m2/repository/com/vaadin/external/gwt/gwt-elemental/2.8.2.vaadin2/gwt-elemental-2.8.2.vaadin2.jar:/home/sepehr/.m2/repository/org/apache/commons/commons-fileupload2-jakarta/2.0.0-M1/commons-fileupload2-jakarta-2.0.0-M1.jar:/home/sepehr/.m2/repository/org/apache/commons/commons-fileupload2-core/2.0.0-M1/commons-fileupload2-core-2.0.0-M1.jar:/home/sepehr/.m2/repository/commons-io/commons-io/2.13.0/commons-io-2.13.0.jar:/home/sepehr/.m2/repository/com/fasterxml/jackson/datatype/jackson-datatype-jsr310/2.15.4/jackson-datatype-jsr310-2.15.4.jar:/home/sepehr/.m2/repository/org/jsoup/jsoup/1.16.1/jsoup-1.16.1.jar:/home/sepehr/.m2/repository/com/helger/ph-css/7.0.1/ph-css-7.0.1.jar:/home/sepehr/.m2/repository/com/helger/commons/ph-commons/11.1.0/ph-commons-11.1.0.jar:/home/sepehr/.m2/repository/org/ow2/asm/asm/9.5/asm-9.5.jar:/home/sepehr/.m2/repository/com/vaadin/external/gentyref/1.2.0.vaadin1/gentyref-1.2.0.vaadin1.jar:/home/sepehr/.m2/repository/org/apache/commons/commons-compress/1.24.0/commons-compress-1.24.0.jar:/home/sepehr/.m2/repository/com/vaadin/flow-push/24.2.5/flow-push-24.2.5.jar:/home/sepehr/.m2/repository/com/vaadin/external/atmosphere/atmosphere-runtime/3.0.3.slf4jvaadin2/atmosphere-runtime-3.0.3.slf4jvaadin2.jar:/home/sepehr/.m2/repository/com/vaadin/flow-client/24.2.5/flow-client-24.2.5.jar:/home/sepehr/.m2/repository/org/springframework/spring-webmvc/6.1.6/spring-webmvc-6.1.6.jar:/home/sepehr/.m2/repository/org/springframework/spring-websocket/6.1.6/spring-websocket-6.1.6.jar:/home/sepehr/.m2/repository/org/hibernate/validator/hibernate-validator/8.0.1.Final/hibernate-validator-8.0.1.Final.jar:/home/sepehr/.m2/repository/jakarta/validation/jakarta.validation-api/3.0.2/jakarta.validation-api-3.0.2.jar:/home/sepehr/.m2/repository/org/jboss/logging/jboss-logging/3.5.3.Final/jboss-logging-3.5.3.Final.jar:/home/sepehr/.m2/repository/com/fasterxml/classmate/1.6.0/classmate-1.6.0.jar:/home/sepehr/.m2/repository/org/reflections/reflections/0.10.2/reflections-0.10.2.jar:/home/sepehr/.m2/repository/org/javassist/javassist/3.28.0-GA/javassist-3.28.0-GA.jar:/home/sepehr/.m2/repository/com/google/code/findbugs/jsr305/3.0.2/jsr305-3.0.2.jar:/home/sepehr/.m2/repository/org/springframework/boot/spring-boot-starter-web/3.2.5/spring-boot-starter-web-3.2.5.jar:/home/sepehr/.m2/repository/org/springframework/boot/spring-boot-starter-json/3.2.5/spring-boot-starter-json-3.2.5.jar:/home/sepehr/.m2/repository/com/fasterxml/jackson/datatype/jackson-datatype-jdk8/2.15.4/jackson-datatype-jdk8-2.15.4.jar:/home/sepehr/.m2/repository/com/fasterxml/jackson/module/jackson-module-parameter-names/2.15.4/jackson-module-parameter-names-2.15.4.jar:/home/sepehr/.m2/repository/org/springframework/boot/spring-boot-starter-tomcat/3.2.5/spring-boot-starter-tomcat-3.2.5.jar:/home/sepehr/.m2/repository/org/apache/tomcat/embed/tomcat-embed-core/10.1.20/tomcat-embed-core-10.1.20.jar:/home/sepehr/.m2/repository/org/apache/tomcat/embed/tomcat-embed-el/10.1.20/tomcat-embed-el-10.1.20.jar:/home/sepehr/.m2/repository/org/apache/tomcat/embed/tomcat-embed-websocket/10.1.20/tomcat-embed-websocket-10.1.20.jar:/home/sepehr/.m2/repository/org/springframework/spring-web/6.1.6/spring-web-6.1.6.jar:/home/sepehr/.m2/repository/ch/qos/logback/logback-classic/1.4.14/logback-classic-1.4.14.jar:/home/sepehr/.m2/repository/org/slf4j/slf4j-api/2.0.13/slf4j-api-2.0.13.jar:/home/sepehr/.m2/repository/ch/qos/logback/logback-core/1.4.14/logback-core-1.4.14.jar:/home/sepehr/.m2/repository/org/springframework/boot/spring-boot-starter-test/3.2.5/spring-boot-starter-test-3.2.5.jar:/home/sepehr/.m2/repository/org/springframework/boot/spring-boot-starter/3.2.5/spring-boot-starter-3.2.5.jar:/home/sepehr/.m2/repository/org/springframework/boot/spring-boot/3.2.5/spring-boot-3.2.5.jar:/home/sepehr/.m2/repository/org/springframework/boot/spring-boot-autoconfigure/3.2.5/spring-boot-autoconfigure-3.2.5.jar:/home/sepehr/.m2/repository/org/springframework/boot/spring-boot-starter-logging/3.2.5/spring-boot-starter-logging-3.2.5.jar:/home/sepehr/.m2/repository/org/apache/logging/log4j/log4j-to-slf4j/2.21.1/log4j-to-slf4j-2.21.1.jar:/home/sepehr/.m2/repository/org/apache/logging/log4j/log4j-api/2.21.1/log4j-api-2.21.1.jar:/home/sepehr/.m2/repository/org/slf4j/jul-to-slf4j/2.0.13/jul-to-slf4j-2.0.13.jar:/home/sepehr/.m2/repository/jakarta/annotation/jakarta.annotation-api/2.1.1/jakarta.annotation-api-2.1.1.jar:/home/sepehr/.m2/repository/org/springframework/boot/spring-boot-test/3.2.5/spring-boot-test-3.2.5.jar:/home/sepehr/.m2/repository/org/springframework/boot/spring-boot-test-autoconfigure/3.2.5/spring-boot-test-autoconfigure-3.2.5.jar:/home/sepehr/.m2/repository/com/jayway/jsonpath/json-path/2.9.0/json-path-2.9.0.jar:/home/sepehr/.m2/repository/jakarta/xml/bind/jakarta.xml.bind-api/4.0.2/jakarta.xml.bind-api-4.0.2.jar:/home/sepehr/.m2/repository/jakarta/activation/jakarta.activation-api/2.1.3/jakarta.activation-api-2.1.3.jar:/home/sepehr/.m2/repository/net/minidev/json-smart/2.5.1/json-smart-2.5.1.jar:/home/sepehr/.m2/repository/net/minidev/accessors-smart/2.5.1/accessors-smart-2.5.1.jar:/home/sepehr/.m2/repository/org/assertj/assertj-core/3.24.2/assertj-core-3.24.2.jar:/home/sepehr/.m2/repository/net/bytebuddy/byte-buddy/1.14.13/byte-buddy-1.14.13.jar:/home/sepehr/.m2/repository/org/awaitility/awaitility/4.2.1/awaitility-4.2.1.jar:/home/sepehr/.m2/repository/org/hamcrest/hamcrest/2.2/hamcrest-2.2.jar:/home/sepehr/.m2/repository/org/junit/jupiter/junit-jupiter/5.10.2/junit-jupiter-5.10.2.jar:/home/sepehr/.m2/repository/org/junit/jupiter/junit-jupiter-api/5.10.2/junit-jupiter-api-5.10.2.jar:/home/sepehr/.m2/repository/org/opentest4j/opentest4j/1.3.0/opentest4j-1.3.0.jar:/home/sepehr/.m2/repository/org/junit/platform/junit-platform-commons/1.10.2/junit-platform-commons-1.10.2.jar:/home/sepehr/.m2/repository/org/apiguardian/apiguardian-api/1.1.2/apiguardian-api-1.1.2.jar:/home/sepehr/.m2/repository/org/junit/jupiter/junit-jupiter-params/5.10.2/junit-jupiter-params-5.10.2.jar:/home/sepehr/.m2/repository/org/junit/jupiter/junit-jupiter-engine/5.10.2/junit-jupiter-engine-5.10.2.jar:/home/sepehr/.m2/repository/org/junit/platform/junit-platform-engine/1.10.2/junit-platform-engine-1.10.2.jar:/home/sepehr/.m2/repository/org/mockito/mockito-core/5.7.0/mockito-core-5.7.0.jar:/home/sepehr/.m2/repository/net/bytebuddy/byte-buddy-agent/1.14.13/byte-buddy-agent-1.14.13.jar:/home/sepehr/.m2/repository/org/objenesis/objenesis/3.3/objenesis-3.3.jar:/home/sepehr/.m2/repository/org/mockito/mockito-junit-jupiter/5.7.0/mockito-junit-jupiter-5.7.0.jar:/home/sepehr/.m2/repository/org/skyscreamer/jsonassert/1.5.1/jsonassert-1.5.1.jar:/home/sepehr/.m2/repository/com/vaadin/external/google/android-json/0.0.20131108.vaadin1/android-json-0.0.20131108.vaadin1.jar:/home/sepehr/.m2/repository/org/springframework/spring-core/6.1.6/spring-core-6.1.6.jar:/home/sepehr/.m2/repository/org/springframework/spring-jcl/6.1.6/spring-jcl-6.1.6.jar:/home/sepehr/.m2/repository/org/springframework/spring-test/6.1.6/spring-test-6.1.6.jar:/home/sepehr/.m2/repository/org/xmlunit/xmlunit-core/2.9.1/xmlunit-core-2.9.1.jar:/home/sepehr/.m2/repository/com/tngtech/archunit/archunit-junit5/1.2.1/archunit-junit5-1.2.1.jar:/home/sepehr/.m2/repository/com/tngtech/archunit/archunit-junit5-api/1.2.1/archunit-junit5-api-1.2.1.jar:/home/sepehr/.m2/repository/com/tngtech/archunit/archunit/1.2.1/archunit-1.2.1.jar:/home/sepehr/.m2/repository/com/tngtech/archunit/archunit-junit5-engine/1.2.1/archunit-junit5-engine-1.2.1.jar:/home/sepehr/.m2/repository/com/tngtech/archunit/archunit-junit5-engine-api/1.2.1/archunit-junit5-engine-api-1.2.1.jar:"/>
    <property name="java.vm.vendor" value="Amazon.com Inc."/>
    <property name="sun.arch.data.model" value="64"/>
    <property name="java.vendor.url" value="https://aws.amazon.com/corretto/"/>
    <property name="user.timezone" value="Asia/Tehran"/>
    <property name="os.name" value="Linux"/>
    <property name="java.vm.specification.version" value="17"/>
    <property name="sun.java.launcher" value="SUN_STANDARD"/>
    <property name="user.country" value="US"/>
    <property name="sun.boot.library.path" value="/home/sepehr/.sdkman/candidates/java/17.0.16-amzn/lib"/>
    <property name="sun.java.command" value="/opt/projects/codex/ytp-admin/samples/target/surefire/surefirebooter-20251018173200677_3.jar /opt/projects/codex/ytp-admin/samples/target/surefire 2025-10-18T17-30-53_825-jvmRun1 surefire-20251018173200677_1tmp surefire_0-20251018173200677_2tmp"/>
    <property name="jdk.debug" value="release"/>
    <property name="surefire.test.class.path" value="/opt/projects/codex/ytp-admin/samples/target/test-classes:/opt/projects/codex/ytp-admin/samples/target/classes:/opt/projects/codex/ytp-admin/components/target/vaadin-components-0.0.1-SNAPSHOT.jar:/home/sepehr/.m2/repository/com/vaadin/vaadin-core/24.2.6/vaadin-core-24.2.6.jar:/home/sepehr/.m2/repository/com/vaadin/vaadin-core-internal/24.2.6/vaadin-core-internal-24.2.6.jar:/home/sepehr/.m2/repository/com/vaadin/flow-lit-template/24.2.5/flow-lit-template-24.2.5.jar:/home/sepehr/.m2/repository/com/vaadin/flow-html-components/24.2.5/flow-html-components-24.2.5.jar:/home/sepehr/.m2/repository/com/vaadin/flow-data/24.2.5/flow-data-24.2.5.jar:/home/sepehr/.m2/repository/com/vaadin/flow-dnd/24.2.5/flow-dnd-24.2.5.jar:/home/sepehr/.m2/repository/com/vaadin/vaadin-lumo-theme/24.2.6/vaadin-lumo-theme-24.2.6.jar:/home/sepehr/.m2/repository/com/vaadin/vaadin-material-theme/24.2.6/vaadin-material-theme-24.2.6.jar:/home/sepehr/.m2/repository/com/vaadin/vaadin-accordion-flow/24.2.6/vaadin-accordion-flow-24.2.6.jar:/home/sepehr/.m2/repository/com/vaadin/vaadin-avatar-flow/24.2.6/vaadin-avatar-flow-24.2.6.jar:/home/sepehr/.m2/repository/com/vaadin/vaadin-flow-components-base/24.2.6/vaadin-flow-components-base-24.2.6.jar:/home/sepehr/.m2/repository/com/vaadin/vaadin-button-flow/24.2.6/vaadin-button-flow-24.2.6.jar:/home/sepehr/.m2/repository/com/vaadin/vaadin-checkbox-flow/24.2.6/vaadin-checkbox-flow-24.2.6.jar:/home/sepehr/.m2/repository/com/vaadin/vaadin-combo-box-flow/24.2.6/vaadin-combo-box-flow-24.2.6.jar:/home/sepehr/.m2/repository/com/vaadin/vaadin-confirm-dialog-flow/24.2.6/vaadin-confirm-dialog-flow-24.2.6.jar:/home/sepehr/.m2/repository/com/vaadin/vaadin-custom-field-flow/24.2.6/vaadin-custom-field-flow-24.2.6.jar:/home/sepehr/.m2/repository/com/vaadin/vaadin-date-picker-flow/24.2.6/vaadin-date-picker-flow-24.2.6.jar:/home/sepehr/.m2/repository/com/vaadin/vaadin-date-time-picker-flow/24.2.6/vaadin-date-time-picker-flow-24.2.6.jar:/home/sepehr/.m2/repository/com/vaadin/vaadin-details-flow/24.2.6/vaadin-details-flow-24.2.6.jar:/home/sepehr/.m2/repository/com/vaadin/vaadin-time-picker-flow/24.2.6/vaadin-time-picker-flow-24.2.6.jar:/home/sepehr/.m2/repository/com/vaadin/vaadin-select-flow/24.2.6/vaadin-select-flow-24.2.6.jar:/home/sepehr/.m2/repository/com/vaadin/vaadin-side-nav-flow/24.2.6/vaadin-side-nav-flow-24.2.6.jar:/home/sepehr/.m2/repository/com/vaadin/vaadin-dialog-flow/24.2.6/vaadin-dialog-flow-24.2.6.jar:/home/sepehr/.m2/repository/com/vaadin/vaadin-form-layout-flow/24.2.6/vaadin-form-layout-flow-24.2.6.jar:/home/sepehr/.m2/repository/com/vaadin/vaadin-field-highlighter-flow/24.2.6/vaadin-field-highlighter-flow-24.2.6.jar:/home/sepehr/.m2/repository/com/vaadin/vaadin-grid-flow/24.2.6/vaadin-grid-flow-24.2.6.jar:/home/sepehr/.m2/repository/org/apache/commons/commons-lang3/3.13.0/commons-lang3-3.13.0.jar:/home/sepehr/.m2/repository/com/vaadin/vaadin-icons-flow/24.2.6/vaadin-icons-flow-24.2.6.jar:/home/sepehr/.m2/repository/com/vaadin/vaadin-virtual-list-flow/24.2.6/vaadin-virtual-list-flow-24.2.6.jar:/home/sepehr/.m2/repository/com/vaadin/vaadin-list-box-flow/24.2.6/vaadin-list-box-flow-24.2.6.jar:/home/sepehr/.m2/repository/com/vaadin/vaadin-login-flow/24.2.6/vaadin-login-flow-24.2.6.jar:/home/sepehr/.m2/repository/com/vaadin/vaadin-messages-flow/24.2.6/vaadin-messages-flow-24.2.6.jar:/home/sepehr/.m2/repository/com/vaadin/vaadin-ordered-layout-flow/24.2.6/vaadin-ordered-layout-flow-24.2.6.jar:/home/sepehr/.m2/repository/com/vaadin/vaadin-progress-bar-flow/24.2.6/vaadin-progress-bar-flow-24.2.6.jar:/home/sepehr/.m2/repository/com/vaadin/vaadin-radio-button-flow/24.2.6/vaadin-radio-button-flow-24.2.6.jar:/home/sepehr/.m2/repository/com/vaadin/vaadin-renderer-flow/24.2.6/vaadin-renderer-flow-24.2.6.jar:/home/sepehr/.m2/repository/com/vaadin/vaadin-split-layout-flow/24.2.6/vaadin-split-layout-flow-24.2.6.jar:/home/sepehr/.m2/repository/com/vaadin/vaadin-tabs-flow/24.2.6/vaadin-tabs-flow-24.2.6.jar:/home/sepehr/.m2/repository/com/vaadin/vaadin-text-field-flow/24.2.6/vaadin-text-field-flow-24.2.6.jar:/home/sepehr/.m2/repository/com/vaadin/vaadin-upload-flow/24.2.6/vaadin-upload-flow-24.2.6.jar:/home/sepehr/.m2/repository/com/vaadin/vaadin-notification-flow/24.2.6/vaadin-notification-flow-24.2.6.jar:/home/sepehr/.m2/repository/com/vaadin/vaadin-app-layout-flow/24.2.6/vaadin-app-layout-flow-24.2.6.jar:/home/sepehr/.m2/repository/com/vaadin/vaadin-context-menu-flow/24.2.6/vaadin-context-menu-flow-24.2.6.jar:/home/sepehr/.m2/repository/com/vaadin/vaadin-menu-bar-flow/24.2.6/vaadin-menu-bar-flow-24.2.6.jar:/home/sepehr/.m2/repository/com/vaadin/vaadin-dev/24.2.6/vaadin-dev-24.2.6.jar:/home/sepehr/.m2/repository/com/vaadin/vaadin-dev-server/24.2.5/vaadin-dev-server-24.2.5.jar:/home/sepehr/.m2/repository/com/vaadin/license-checker/1.12.3/license-checker-1.12.3.jar:/home/sepehr/.m2/repository/com/github/oshi/oshi-core/6.4.1/oshi-core-6.4.1.jar:/home/sepehr/.m2/repository/net/java/dev/jna/jna/5.13.0/jna-5.13.0.jar:/home/sepehr/.m2/repository/net/java/dev/jna/jna-platform/5.13.0/jna-platform-5.13.0.jar:/home/sepehr/.m2/repository/com/nimbusds/nimbus-jose-jwt/9.31/nimbus-jose-jwt-9.31.jar:/home/sepehr/.m2/repository/org/lucee/jcip-annotations/1.0.0/jcip-annotations-1.0.0.jar:/home/sepehr/.m2/repository/com/vaadin/open/8.5.0/open-8.5.0.jar:/home/sepehr/.m2/repository/com/github/javaparser/javaparser-core/3.25.5/javaparser-core-3.25.5.jar:/home/sepehr/.m2/repository/io/methvin/directory-watcher/0.18.0/directory-watcher-0.18.0.jar:/home/sepehr/.m2/repository/com/vaadin/vaadin-dev-bundle/24.2.6/vaadin-dev-bundle-24.2.6.jar:/home/sepehr/.m2/repository/com/fasterxml/jackson/core/jackson-databind/2.15.4/jackson-databind-2.15.4.jar:/home/sepehr/.m2/repository/com/fasterxml/jackson/core/jackson-annotations/2.15.4/jackson-annotations-2.15.4.jar:/home/sepehr/.m2/repository/com/fasterxml/jackson/core/jackson-core/2.15.4/jackson-core-2.15.4.jar:/home/sepehr/.m2/repository/com/fasterxml/jackson/dataformat/jackson-dataformat-yaml/2.15.4/jackson-dataformat-yaml-2.15.4.jar:/home/sepehr/.m2/repository/org/yaml/snakeyaml/2.2/snakeyaml-2.2.jar:/home/sepehr/.m2/repository/org/springframework/spring-context/6.1.6/spring-context-6.1.6.jar:/home/sepehr/.m2/repository/org/springframework/spring-aop/6.1.6/spring-aop-6.1.6.jar:/home/sepehr/.m2/repository/org/springframework/spring-beans/6.1.6/spring-beans-6.1.6.jar:/home/sepehr/.m2/repository/org/springframework/spring-expression/6.1.6/spring-expression-6.1.6.jar:/home/sepehr/.m2/repository/io/micrometer/micrometer-observation/1.12.5/micrometer-observation-1.12.5.jar:/home/sepehr/.m2/repository/io/micrometer/micrometer-commons/1.12.5/micrometer-commons-1.12.5.jar:/home/sepehr/.m2/repository/com/vaadin/vaadin-spring-boot-starter/24.2.6/vaadin-spring-boot-starter-24.2.6.jar:/home/sepehr/.m2/repository/com/vaadin/vaadin-spring/24.2.5/vaadin-spring-24.2.5.jar:/home/sepehr/.m2/repository/com/vaadin/flow-server/24.2.5/flow-server-24.2.5.jar:/home/sepehr/.m2/repository/com/vaadin/servletdetector/throw-if-servlet3/1.0.2/throw-if-servlet3-1.0.2.jar:/home/sepehr/.m2/repository/com/vaadin/external/gwt/gwt-elemental/2.8.2.vaadin2/gwt-elemental-2.8.2.vaadin2.jar:/home/sepehr/.m2/repository/org/apache/commons/commons-fileupload2-jakarta/2.0.0-M1/commons-fileupload2-jakarta-2.0.0-M1.jar:/home/sepehr/.m2/repository/org/apache/commons/commons-fileupload2-core/2.0.0-M1/commons-fileupload2-core-2.0.0-M1.jar:/home/sepehr/.m2/repository/commons-io/commons-io/2.13.0/commons-io-2.13.0.jar:/home/sepehr/.m2/repository/com/fasterxml/jackson/datatype/jackson-datatype-jsr310/2.15.4/jackson-datatype-jsr310-2.15.4.jar:/home/sepehr/.m2/repository/org/jsoup/jsoup/1.16.1/jsoup-1.16.1.jar:/home/sepehr/.m2/repository/com/helger/ph-css/7.0.1/ph-css-7.0.1.jar:/home/sepehr/.m2/repository/com/helger/commons/ph-commons/11.1.0/ph-commons-11.1.0.jar:/home/sepehr/.m2/repository/org/ow2/asm/asm/9.5/asm-9.5.jar:/home/sepehr/.m2/repository/com/vaadin/external/gentyref/1.2.0.vaadin1/gentyref-1.2.0.vaadin1.jar:/home/sepehr/.m2/repository/org/apache/commons/commons-compress/1.24.0/commons-compress-1.24.0.jar:/home/sepehr/.m2/repository/com/vaadin/flow-push/24.2.5/flow-push-24.2.5.jar:/home/sepehr/.m2/repository/com/vaadin/external/atmosphere/atmosphere-runtime/3.0.3.slf4jvaadin2/atmosphere-runtime-3.0.3.slf4jvaadin2.jar:/home/sepehr/.m2/repository/com/vaadin/flow-client/24.2.5/flow-client-24.2.5.jar:/home/sepehr/.m2/repository/org/springframework/spring-webmvc/6.1.6/spring-webmvc-6.1.6.jar:/home/sepehr/.m2/repository/org/springframework/spring-websocket/6.1.6/spring-websocket-6.1.6.jar:/home/sepehr/.m2/repository/org/hibernate/validator/hibernate-validator/8.0.1.Final/hibernate-validator-8.0.1.Final.jar:/home/sepehr/.m2/repository/jakarta/validation/jakarta.validation-api/3.0.2/jakarta.validation-api-3.0.2.jar:/home/sepehr/.m2/repository/org/jboss/logging/jboss-logging/3.5.3.Final/jboss-logging-3.5.3.Final.jar:/home/sepehr/.m2/repository/com/fasterxml/classmate/1.6.0/classmate-1.6.0.jar:/home/sepehr/.m2/repository/org/reflections/reflections/0.10.2/reflections-0.10.2.jar:/home/sepehr/.m2/repository/org/javassist/javassist/3.28.0-GA/javassist-3.28.0-GA.jar:/home/sepehr/.m2/repository/com/google/code/findbugs/jsr305/3.0.2/jsr305-3.0.2.jar:/home/sepehr/.m2/repository/org/springframework/boot/spring-boot-starter-web/3.2.5/spring-boot-starter-web-3.2.5.jar:/home/sepehr/.m2/repository/org/springframework/boot/spring-boot-starter-json/3.2.5/spring-boot-starter-json-3.2.5.jar:/home/sepehr/.m2/repository/com/fasterxml/jackson/datatype/jackson-datatype-jdk8/2.15.4/jackson-datatype-jdk8-2.15.4.jar:/home/sepehr/.m2/repository/com/fasterxml/jackson/module/jackson-module-parameter-names/2.15.4/jackson-module-parameter-names-2.15.4.jar:/home/sepehr/.m2/repository/org/springframework/boot/spring-boot-starter-tomcat/3.2.5/spring-boot-starter-tomcat-3.2.5.jar:/home/sepehr/.m2/repository/org/apache/tomcat/embed/tomcat-embed-core/10.1.20/tomcat-embed-core-10.1.20.jar:/home/sepehr/.m2/repository/org/apache/tomcat/embed/tomcat-embed-el/10.1.20/tomcat-embed-el-10.1.20.jar:/home/sepehr/.m2/repository/org/apache/tomcat/embed/tomcat-embed-websocket/10.1.20/tomcat-embed-websocket-10.1.20.jar:/home/sepehr/.m2/repository/org/springframework/spring-web/6.1.6/spring-web-6.1.6.jar:/home/sepehr/.m2/repository/ch/qos/logback/logback-classic/1.4.14/logback-classic-1.4.14.jar:/home/sepehr/.m2/repository/org/slf4j/slf4j-api/2.0.13/slf4j-api-2.0.13.jar:/home/sepehr/.m2/repository/ch/qos/logback/logback-core/1.4.14/logback-core-1.4.14.jar:/home/sepehr/.m2/repository/org/springframework/boot/spring-boot-starter-test/3.2.5/spring-boot-starter-test-3.2.5.jar:/home/sepehr/.m2/repository/org/springframework/boot/spring-boot-starter/3.2.5/spring-boot-starter-3.2.5.jar:/home/sepehr/.m2/repository/org/springframework/boot/spring-boot/3.2.5/spring-boot-3.2.5.jar:/home/sepehr/.m2/repository/org/springframework/boot/spring-boot-autoconfigure/3.2.5/spring-boot-autoconfigure-3.2.5.jar:/home/sepehr/.m2/repository/org/springframework/boot/spring-boot-starter-logging/3.2.5/spring-boot-starter-logging-3.2.5.jar:/home/sepehr/.m2/repository/org/apache/logging/log4j/log4j-to-slf4j/2.21.1/log4j-to-slf4j-2.21.1.jar:/home/sepehr/.m2/repository/org/apache/logging/log4j/log4j-api/2.21.1/log4j-api-2.21.1.jar:/home/sepehr/.m2/repository/org/slf4j/jul-to-slf4j/2.0.13/jul-to-slf4j-2.0.13.jar:/home/sepehr/.m2/repository/jakarta/annotation/jakarta.annotation-api/2.1.1/jakarta.annotation-api-2.1.1.jar:/home/sepehr/.m2/repository/org/springframework/boot/spring-boot-test/3.2.5/spring-boot-test-3.2.5.jar:/home/sepehr/.m2/repository/org/springframework/boot/spring-boot-test-autoconfigure/3.2.5/spring-boot-test-autoconfigure-3.2.5.jar:/home/sepehr/.m2/repository/com/jayway/jsonpath/json-path/2.9.0/json-path-2.9.0.jar:/home/sepehr/.m2/repository/jakarta/xml/bind/jakarta.xml.bind-api/4.0.2/jakarta.xml.bind-api-4.0.2.jar:/home/sepehr/.m2/repository/jakarta/activation/jakarta.activation-api/2.1.3/jakarta.activation-api-2.1.3.jar:/home/sepehr/.m2/repository/net/minidev/json-smart/2.5.1/json-smart-2.5.1.jar:/home/sepehr/.m2/repository/net/minidev/accessors-smart/2.5.1/accessors-smart-2.5.1.jar:/home/sepehr/.m2/repository/org/assertj/assertj-core/3.24.2/assertj-core-3.24.2.jar:/home/sepehr/.m2/repository/net/bytebuddy/byte-buddy/1.14.13/byte-buddy-1.14.13.jar:/home/sepehr/.m2/repository/org/awaitility/awaitility/4.2.1/awaitility-4.2.1.jar:/home/sepehr/.m2/repository/org/hamcrest/hamcrest/2.2/hamcrest-2.2.jar:/home/sepehr/.m2/repository/org/junit/jupiter/junit-jupiter/5.10.2/junit-jupiter-5.10.2.jar:/home/sepehr/.m2/repository/org/junit/jupiter/junit-jupiter-api/5.10.2/junit-jupiter-api-5.10.2.jar:/home/sepehr/.m2/repository/org/opentest4j/opentest4j/1.3.0/opentest4j-1.3.0.jar:/home/sepehr/.m2/repository/org/junit/platform/junit-platform-commons/1.10.2/junit-platform-commons-1.10.2.jar:/home/sepehr/.m2/repository/org/apiguardian/apiguardian-api/1.1.2/apiguardian-api-1.1.2.jar:/home/sepehr/.m2/repository/org/junit/jupiter/junit-jupiter-params/5.10.2/junit-jupiter-params-5.10.2.jar:/home/sepehr/.m2/repository/org/junit/jupiter/junit-jupiter-engine/5.10.2/junit-jupiter-engine-5.10.2.jar:/home/sepehr/.m2/repository/org/junit/platform/junit-platform-engine/1.10.2/junit-platform-engine-1.10.2.jar:/home/sepehr/.m2/repository/org/mockito/mockito-core/5.7.0/mockito-core-5.7.0.jar:/home/sepehr/.m2/repository/net/bytebuddy/byte-buddy-agent/1.14.13/byte-buddy-agent-1.14.13.jar:/home/sepehr/.m2/repository/org/objenesis/objenesis/3.3/objenesis-3.3.jar:/home/sepehr/.m2/repository/org/mockito/mockito-junit-jupiter/5.7.0/mockito-junit-jupiter-5.7.0.jar:/home/sepehr/.m2/repository/org/skyscreamer/jsonassert/1.5.1/jsonassert-1.5.1.jar:/home/sepehr/.m2/repository/com/vaadin/external/google/android-json/0.0.20131108.vaadin1/android-json-0.0.20131108.vaadin1.jar:/home/sepehr/.m2/repository/org/springframework/spring-core/6.1.6/spring-core-6.1.6.jar:/home/sepehr/.m2/repository/org/springframework/spring-jcl/6.1.6/spring-jcl-6.1.6.jar:/home/sepehr/.m2/repository/org/springframework/spring-test/6.1.6/spring-test-6.1.6.jar:/home/sepehr/.m2/repository/org/xmlunit/xmlunit-core/2.9.1/xmlunit-core-2.9.1.jar:/home/sepehr/.m2/repository/com/tngtech/archunit/archunit-junit5/1.2.1/archunit-junit5-1.2.1.jar:/home/sepehr/.m2/repository/com/tngtech/archunit/archunit-junit5-api/1.2.1/archunit-junit5-api-1.2.1.jar:/home/sepehr/.m2/repository/com/tngtech/archunit/archunit/1.2.1/archunit-1.2.1.jar:/home/sepehr/.m2/repository/com/tngtech/archunit/archunit-junit5-engine/1.2.1/archunit-junit5-engine-1.2.1.jar:/home/sepehr/.m2/repository/com/tngtech/archunit/archunit-junit5-engine-api/1.2.1/archunit-junit5-engine-api-1.2.1.jar:"/>
    <property name="sun.cpu.endian" value="little"/>
    <property name="user.home" value="/home/sepehr"/>
    <property name="user.language" value="en"/>
    <property name="java.specification.vendor" value="Oracle Corporation"/>
    <property name="java.version.date" value="2025-07-15"/>
    <property name="java.home" value="/home/sepehr/.sdkman/candidates/java/17.0.16-amzn"/>
    <property name="file.separator" value="/"/>
    <property name="basedir" value="/opt/projects/codex/ytp-admin/samples"/>
    <property name="java.vm.compressedOopsMode" value="Zero based"/>
    <property name="line.separator" value="&#10;"/>
    <property name="java.specification.name" value="Java Platform API Specification"/>
    <property name="java.vm.specification.vendor" value="Oracle Corporation"/>
    <property name="surefire.real.class.path" value="/opt/projects/codex/ytp-admin/samples/target/surefire/surefirebooter-20251018173200677_3.jar"/>
    <property name="sun.management.compiler" value="HotSpot 64-Bit Tiered Compilers"/>
    <property name="java.runtime.version" value="17.0.16+8-LTS"/>
    <property name="user.name" value="sepehr"/>
    <property name="path.separator" value=":"/>
    <property name="os.version" value="6.16.10-100.fc41.x86_64"/>
    <property name="java.runtime.name" value="OpenJDK Runtime Environment"/>
    <property name="file.encoding" value="UTF-8"/>
    <property name="java.vm.name" value="OpenJDK 64-Bit Server VM"/>
    <property name="java.vendor.version" value="Corretto-17.0.16.8.1"/>
    <property name="localRepository" value="/home/sepehr/.m2/repository"/>
    <property name="java.vendor.url.bug" value="https://github.com/corretto/corretto-17/issues/"/>
    <property name="java.io.tmpdir" value="/tmp"/>
    <property name="java.version" value="17.0.16"/>
    <property name="user.dir" value="/opt/projects/codex/ytp-admin/samples"/>
    <property name="os.arch" value="amd64"/>
    <property name="java.vm.specification.name" value="Java Virtual Machine Specification"/>
    <property name="native.encoding" value="UTF-8"/>
    <property name="java.library.path" value="/usr/java/packages/lib:/usr/lib64:/lib64:/lib:/usr/lib"/>
    <property name="java.vm.info" value="mixed mode, sharing"/>
    <property name="java.vendor" value="Amazon.com Inc."/>
    <property name="java.vm.version" value="17.0.16+8-LTS"/>
    <property name="java.specification.maintenance.version" value="1"/>
    <property name="sun.io.unicode.encoding" value="UnicodeLittle"/>
    <property name="java.class.version" value="61.0"/>
  </properties>
  <testcase name="unknownLogicValueResultsInIllegalState" classname="com.youtopin.vaadin.samples.infrastructure.menu.JsonNavigationMenuServiceTest" time="0.135">
    <system-out><![CDATA[17:32:01.748 [main] INFO com.youtopin.vaadin.samples.infrastructure.menu.JsonNavigationMenuService -- Loaded 1 navigation menu definition(s) from Byte array resource [resource loaded from byte array]
]]></system-out>
  </testcase>
  <testcase name="missingLabelKeyFailsFast" classname="com.youtopin.vaadin.samples.infrastructure.menu.JsonNavigationMenuServiceTest" time="0.002"/>
  <testcase name="andLogicRequiresAllScopesToBePresent" classname="com.youtopin.vaadin.samples.infrastructure.menu.JsonNavigationMenuServiceTest" time="0.012">
    <system-out><![CDATA[17:32:01.823 [main] INFO com.youtopin.vaadin.samples.infrastructure.menu.JsonNavigationMenuService -- Loaded 1 navigation menu definition(s) from Byte array resource [resource loaded from byte array]
17:32:01.823 [main] INFO com.youtopin.vaadin.samples.infrastructure.menu.JsonNavigationMenuService -- Loaded 1 navigation menu definition(s) from Byte array resource [resource loaded from byte array]
]]></system-out>
  </testcase>
  <testcase name="orLogicAllowsAccessWhenAnyScopeMatches" classname="com.youtopin.vaadin.samples.infrastructure.menu.JsonNavigationMenuServiceTest" time="0.002">
    <system-out><![CDATA[17:32:01.836 [main] INFO com.youtopin.vaadin.samples.infrastructure.menu.JsonNavigationMenuService -- Loaded 1 navigation menu definition(s) from Byte array resource [resource loaded from byte array]
]]></system-out>
  </testcase>
  <testcase name="whitespaceIsTrimmedAndIconNameIsNormalised" classname="com.youtopin.vaadin.samples.infrastructure.menu.JsonNavigationMenuServiceTest" time="0.009">
    <system-out><![CDATA[17:32:01.839 [main] INFO com.youtopin.vaadin.samples.infrastructure.menu.JsonNavigationMenuService -- Loaded 1 navigation menu definition(s) from Byte array resource [resource loaded from byte array]
]]></system-out>
  </testcase>
</testsuite>